<?xml version="1.0" encoding="UTF-8"?>
<testng-results skipped="0" failed="0" ignored="0" total="1" passed="1">
  <reporter-output>
  </reporter-output>
  <suite name="Default suite" duration-ms="48199" started-at="2018-05-05T07:47:36Z" finished-at="2018-05-05T07:48:24Z">
    <groups>
    </groups>
    <test name="Default test" duration-ms="48199" started-at="2018-05-05T07:47:36Z" finished-at="2018-05-05T07:48:24Z">
      <class name="tests.amazonTest.AmazonTest">
        <test-method status="PASS" signature="setupClass()[pri:0, instance:tests.amazonTest.AmazonTest@1e88b3c]" name="setupClass" is-config="true" duration-ms="16" started-at="2018-05-05T00:47:36Z" finished-at="2018-05-05T00:47:36Z">
          <reporter-output>
          </reporter-output>
        </test-method> <!-- setupClass -->
        <test-method status="PASS" signature="setupTest()[pri:0, instance:tests.amazonTest.AmazonTest@1e88b3c]" name="setupTest" is-config="true" duration-ms="0" started-at="2018-05-05T00:47:36Z" finished-at="2018-05-05T00:47:36Z">
          <reporter-output>
          </reporter-output>
        </test-method> <!-- setupTest -->
        <test-method status="PASS" signature="groupSetup()[pri:0, instance:tests.amazonTest.AmazonTest@1e88b3c]" name="groupSetup" duration-ms="48183" started-at="2018-05-05T00:47:36Z" description="Test Description" finished-at="2018-05-05T00:48:24Z">
          <reporter-output>
          </reporter-output>
        </test-method> <!-- groupSetup -->
        <test-method status="PASS" signature="tearDownTest()[pri:0, instance:tests.amazonTest.AmazonTest@1e88b3c]" name="tearDownTest" is-config="true" duration-ms="0" started-at="2018-05-05T00:48:24Z" finished-at="2018-05-05T00:48:24Z">
          <reporter-output>
          </reporter-output>
        </test-method> <!-- tearDownTest -->
        <test-method status="PASS" signature="tearDownClass()[pri:0, instance:tests.amazonTest.AmazonTest@1e88b3c]" name="tearDownClass" is-config="true" duration-ms="0" started-at="2018-05-05T00:48:24Z" finished-at="2018-05-05T00:48:24Z">
          <reporter-output>
          </reporter-output>
        </test-method> <!-- tearDownClass -->
      </class> <!-- tests.amazonTest.AmazonTest -->
    </test> <!-- Default test -->
  </suite> <!-- Default suite -->
</testng-results>
